HelloToast/app/build/intermediates/manifest_merge_blame_file/debug/manifest-merger-blame-debug-report.txt
1<?xml version="1.0" encoding="utf-8"?>
2<manifest xmlns:android="http://schemas.android.com/apk/res/android"
3    package="com.example.android.hellotoast"
4    android:versionCode="1"
5    android:versionName="1.0" >
6
7    <uses-sdk
8        android:minSdkVersion="15"
8-->src\main\AndroidManifest.xml
9        android:targetSdkVersion="26" />
9-->src\main\AndroidManifest.xml
10
11    <application
11-->src\main\AndroidManifest.xml:5:5-20:19
12        android:allowBackup="true"
12-->src\main\AndroidManifest.xml:6:9-35
13        android:debuggable="true"
14        android:icon="@mipmap/ic_launcher"
14-->src\main\AndroidManifest.xml:7:9-43
15        android:label="@string/app_name"
15-->src\main\AndroidManifest.xml:8:9-41
16        android:roundIcon="@mipmap/ic_launcher_round"
16-->src\main\AndroidManifest.xml:9:9-54
17        android:supportsRtl="true"
17-->src\main\AndroidManifest.xml:10:9-35
18        android:testOnly="true"
19        android:theme="@style/AppTheme" >
19-->src\main\AndroidManifest.xml:11:9-40
20        <activity android:name="com.example.android.hellotoast.MainActivity2" />
20-->src\main\AndroidManifest.xml:12:9-60
20-->src\main\AndroidManifest.xml:12:19-48
21        <activity android:name="com.example.android.hellotoast.MainActivity" >
21-->src\main\AndroidManifest.xml:13:9-19:20
21-->src\main\AndroidManifest.xml:13:19-47
22            <intent-filter>
22-->src\main\AndroidManifest.xml:14:13-18:29
23                <action android:name="android.intent.action.MAIN" />
23-->src\main\AndroidManifest.xml:15:17-69
23-->src\main\AndroidManifest.xml:15:25-66
24
25                <category android:name="android.intent.category.LAUNCHER" />
25-->src\main\AndroidManifest.xml:17:17-77
25-->src\main\AndroidManifest.xml:17:27-74
26            </intent-filter>
27        </activity>
28
29        <meta-data
29-->[com.android.support:appcompat-v7:26.1.0] AndroidManifest.xml:26:9-28:38
30            android:name="android.support.VERSION"
30-->[com.android.support:appcompat-v7:26.1.0] AndroidManifest.xml:27:13-51
31            android:value="26.1.0" />
31-->[com.android.support:appcompat-v7:26.1.0] AndroidManifest.xml:28:13-35
32        <meta-data
32-->[android.arch.lifecycle:runtime:1.0.0] AndroidManifest.xml:25:9-27:47
33            android:name="android.arch.lifecycle.VERSION"
33-->[android.arch.lifecycle:runtime:1.0.0] AndroidManifest.xml:26:13-58
34            android:value="27.0.0-SNAPSHOT" />
34-->[android.arch.lifecycle:runtime:1.0.0] AndroidManifest.xml:27:13-44
35    </application>
36
37</manifest>